# JRE version: Java(TM) SE Runtime Environment (8.0_121-b13) (build 1.8.0_121-b13)
# Java VM: Java HotSpot(TM) 64-Bit Server VM (25.121-b13 mixed mode windows-amd64 compressed oops)
Heap:
 PSYoungGen      total 476160K, used 8971K [0x00000000e0000000, 0x0000000100000000, 0x0000000100000000)
  eden space 428032K, 0% used [0x00000000e0000000,0x00000000e0000000,0x00000000fa200000)
  from space 48128K, 18% used [0x00000000fa200000,0x00000000faac2df0,0x00000000fd100000)
  to   space 47104K, 0% used [0x00000000fd200000,0x00000000fd200000,0x0000000100000000)
 ParOldGen       total 139776K, used 130322K [0x00000000a0000000, 0x00000000a8880000, 0x00000000e0000000)
  object space 139776K, 93% used [0x00000000a0000000,0x00000000a7f44900,0x00000000a8880000)
 Metaspace       used 76610K, capacity 83240K, committed 83544K, reserved 1122304K
  class space    used 10082K, capacity 11029K, committed 11136K, reserved 1048576K
GC Heap History (10 events):
Event: 1546.308 GC heap after
Heap after GC invocations=27 (full 4):
 PSYoungGen      total 456704K, used 15394K [0x00000000e0000000, 0x00000000ffb80000, 0x0000000100000000)
  eden space 440832K, 0% used [0x00000000e0000000,0x00000000e0000000,0x00000000fae80000)
  from space 15872K, 96% used [0x00000000fae80000,0x00000000fbd88a60,0x00000000fbe00000)
  to   space 39424K, 0% used [0x00000000fd500000,0x00000000fd500000,0x00000000ffb80000)
 ParOldGen       total 139776K, used 108596K [0x00000000a0000000, 0x00000000a8880000, 0x00000000e0000000)
  object space 139776K, 77% used [0x00000000a0000000,0x00000000a6a0d398,0x00000000a8880000)
 Metaspace       used 75830K, capacity 81914K, committed 82136K, reserved 1120256K
  class space    used 10001K, capacity 10932K, committed 11008K, reserved 1048576K
}
Event: 1821.765 GC heap before
{Heap before GC invocations=28 (full 4):
 PSYoungGen      total 456704K, used 456226K [0x00000000e0000000, 0x00000000ffb80000, 0x0000000100000000)
  eden space 440832K, 100% used [0x00000000e0000000,0x00000000fae80000,0x00000000fae80000)
  from space 15872K, 96% used [0x00000000fae80000,0x00000000fbd88a60,0x00000000fbe00000)
  to   space 39424K, 0% used [0x00000000fd500000,0x00000000fd500000,0x00000000ffb80000)
 ParOldGen       total 139776K, used 108596K [0x00000000a0000000, 0x00000000a8880000, 0x00000000e0000000)
  object space 139776K, 77% used [0x00000000a0000000,0x00000000a6a0d398,0x00000000a8880000)
 Metaspace       used 76099K, capacity 82418K, committed 82648K, reserved 1120256K
  class space    used 10030K, capacity 10970K, committed 11008K, reserved 1048576K
Event: 1821.801 GC heap after
Heap after GC invocations=28 (full 4):
 PSYoungGen      total 478720K, used 27620K [0x00000000e0000000, 0x0000000100000000, 0x0000000100000000)
  eden space 439296K, 0% used [0x00000000e0000000,0x00000000e0000000,0x00000000fad00000)
  from space 39424K, 70% used [0x00000000fd500000,0x00000000feff9020,0x00000000ffb80000)
  to   space 40960K, 0% used [0x00000000fad00000,0x00000000fad00000,0x00000000fd500000)
 ParOldGen       total 139776K, used 109348K [0x00000000a0000000, 0x00000000a8880000, 0x00000000e0000000)
  object space 139776K, 78% used [0x00000000a0000000,0x00000000a6ac93b8,0x00000000a8880000)
 Metaspace       used 76099K, capacity 82418K, committed 82648K, reserved 1120256K
  class space    used 10030K, capacity 10970K, committed 11008K, reserved 1048576K
}
Event: 1937.907 GC heap before
{Heap before GC invocations=29 (full 4):
 PSYoungGen      total 478720K, used 466916K [0x00000000e0000000, 0x0000000100000000, 0x0000000100000000)
  eden space 439296K, 100% used [0x00000000e0000000,0x00000000fad00000,0x00000000fad00000)
  from space 39424K, 70% used [0x00000000fd500000,0x00000000feff9020,0x00000000ffb80000)
  to   space 40960K, 0% used [0x00000000fad00000,0x00000000fad00000,0x00000000fd500000)
 ParOldGen       total 139776K, used 109348K [0x00000000a0000000, 0x00000000a8880000, 0x00000000e0000000)
  object space 139776K, 78% used [0x00000000a0000000,0x00000000a6ac93b8,0x00000000a8880000)
 Metaspace       used 76282K, capacity 82760K, committed 82904K, reserved 1122304K
  class space    used 10056K, capacity 11003K, committed 11008K, reserved 1048576K
Event: 1937.947 GC heap after
Heap after GC invocations=29 (full 4):
 PSYoungGen      total 480256K, used 7947K [0x00000000e0000000, 0x0000000100000000, 0x0000000100000000)
  eden space 439296K, 0% used [0x00000000e0000000,0x00000000e0000000,0x00000000fad00000)
  from space 40960K, 19% used [0x00000000fad00000,0x00000000fb4c2e78,0x00000000fd500000)
  to   space 40448K, 0% used [0x00000000fd880000,0x00000000fd880000,0x0000000100000000)
 ParOldGen       total 139776K, used 109819K [0x00000000a0000000, 0x00000000a8880000, 0x00000000e0000000)
  object space 139776K, 78% used [0x00000000a0000000,0x00000000a6b3ee80,0x00000000a8880000)
 Metaspace       used 76282K, capacity 82760K, committed 82904K, reserved 1122304K
  class space    used 10056K, capacity 11003K, committed 11008K, reserved 1048576K
}
Event: 1972.734 GC heap before
{Heap before GC invocations=30 (full 4):
 PSYoungGen      total 480256K, used 447243K [0x00000000e0000000, 0x0000000100000000, 0x0000000100000000)
  eden space 439296K, 100% used [0x00000000e0000000,0x00000000fad00000,0x00000000fad00000)
  from space 40960K, 19% used [0x00000000fad00000,0x00000000fb4c2e78,0x00000000fd500000)
  to   space 40448K, 0% used [0x00000000fd880000,0x00000000fd880000,0x0000000100000000)
 ParOldGen       total 139776K, used 109819K [0x00000000a0000000, 0x00000000a8880000, 0x00000000e0000000)
  object space 139776K, 78% used [0x00000000a0000000,0x00000000a6b3ee80,0x00000000a8880000)
 Metaspace       used 76465K, capacity 82996K, committed 83288K, reserved 1122304K
  class space    used 10065K, capacity 11013K, committed 11136K, reserved 1048576K
Event: 1972.782 GC heap after
Heap after GC invocations=30 (full 4):
 PSYoungGen      total 468480K, used 40420K [0x00000000e0000000, 0x0000000100000000, 0x0000000100000000)
  eden space 428032K, 0% used [0x00000000e0000000,0x00000000e0000000,0x00000000fa200000)
  from space 40448K, 99% used [0x00000000fd880000,0x00000000ffff9078,0x0000000100000000)
  to   space 48128K, 0% used [0x00000000fa200000,0x00000000fa200000,0x00000000fd100000)
 ParOldGen       total 139776K, used 112757K [0x00000000a0000000, 0x00000000a8880000, 0x00000000e0000000)
  object space 139776K, 80% used [0x00000000a0000000,0x00000000a6e1d4b8,0x00000000a8880000)
 Metaspace       used 76465K, capacity 82996K, committed 83288K, reserved 1122304K
  class space    used 10065K, capacity 11013K, committed 11136K, reserved 1048576K
}
Event: 2039.472 GC heap before
{Heap before GC invocations=31 (full 4):
 PSYoungGen      total 468480K, used 468452K [0x00000000e0000000, 0x0000000100000000, 0x0000000100000000)
  eden space 428032K, 100% used [0x00000000e0000000,0x00000000fa200000,0x00000000fa200000)
  from space 40448K, 99% used [0x00000000fd880000,0x00000000ffff9078,0x0000000100000000)
  to   space 48128K, 0% used [0x00000000fa200000,0x00000000fa200000,0x00000000fd100000)
 ParOldGen       total 139776K, used 112757K [0x00000000a0000000, 0x00000000a8880000, 0x00000000e0000000)
  object space 139776K, 80% used [0x00000000a0000000,0x00000000a6e1d4b8,0x00000000a8880000)
 Metaspace       used 76610K, capacity 83240K, committed 83544K, reserved 1122304K
  class space    used 10082K, capacity 11029K, committed 11136K, reserved 1048576K
Event: 2039.523 GC heap after
Heap after GC invocations=31 (full 4):
 PSYoungGen      total 476160K, used 8971K [0x00000000e0000000, 0x0000000100000000, 0x0000000100000000)
  eden space 428032K, 0% used [0x00000000e0000000,0x00000000e0000000,0x00000000fa200000)
  from space 48128K, 18% used [0x00000000fa200000,0x00000000faac2df0,0x00000000fd100000)
  to   space 47104K, 0% used [0x00000000fd200000,0x00000000fd200000,0x0000000100000000)
 ParOldGen       total 139776K, used 130322K [0x00000000a0000000, 0x00000000a8880000, 0x00000000e0000000)
  object space 139776K, 93% used [0x00000000a0000000,0x00000000a7f44900,0x00000000a8880000)
 Metaspace       used 76610K, capacity 83240K, committed 83544K, reserved 1122304K
  class space    used 10082K, capacity 11029K, committed 11136K, reserved 1048576K
}
Event: 2039.523 GC heap before
{Heap before GC invocations=32 (full 5):
 PSYoungGen      total 476160K, used 8971K [0x00000000e0000000, 0x0000000100000000, 0x0000000100000000)
  eden space 428032K, 0% used [0x00000000e0000000,0x00000000e0000000,0x00000000fa200000)
  from space 48128K, 18% used [0x00000000fa200000,0x00000000faac2df0,0x00000000fd100000)
  to   space 47104K, 0% used [0x00000000fd200000,0x00000000fd200000,0x0000000100000000)
 ParOldGen       total 139776K, used 130322K [0x00000000a0000000, 0x00000000a8880000, 0x00000000e0000000)
  object space 139776K, 93% used [0x00000000a0000000,0x00000000a7f44900,0x00000000a8880000)
 Metaspace       used 76610K, capacity 83240K, committed 83544K, reserved 1122304K
  class space    used 10082K, capacity 11029K, committed 11136K, reserved 1048576K

